{"/home/nikitas/projects/job-interviews/revieve/src/index.ts": {"path":"/home/nikitas/projects/job-interviews/revieve/src/index.ts","statementMap":{"0":{"start":{"line":12,"column":2},"end":{"line":12,"column":35}},"1":{"start":{"line":13,"column":2},"end":{"line":13,"column":14}},"2":{"start":{"line":16,"column":0},"end":{"line":17,"column":60}},"3":{"start":{"line":18,"column":0},"end":{"line":19,"column":62}},"4":{"start":{"line":20,"column":0},"end":{"line":21,"column":56}},"5":{"start":{"line":22,"column":0},"end":{"line":23,"column":68}},"6":{"start":{"line":24,"column":0},"end":{"line":25,"column":74}},"7":{"start":{"line":26,"column":0},"end":{"line":27,"column":72}},"8":{"start":{"line":28,"column":0},"end":{"line":30,"column":6}},"9":{"start":{"line":32,"column":19},"end":{"line":33,"column":37}},"10":{"start":{"line":33,"column":2},"end":{"line":33,"column":37}},"11":{"start":{"line":36,"column":0},"end":{"line":49,"column":2}},"12":{"start":{"line":37,"column":2},"end":{"line":48,"column":7}},"13":{"start":{"line":38,"column":22},"end":{"line":38,"column":40}},"14":{"start":{"line":40,"column":23},"end":{"line":40,"column":32}},"15":{"start":{"line":41,"column":6},"end":{"line":46,"column":7}},"16":{"start":{"line":42,"column":8},"end":{"line":42,"column":51}},"17":{"start":{"line":42,"column":42},"end":{"line":42,"column":51}},"18":{"start":{"line":43,"column":34},"end":{"line":43,"column":49}},"19":{"start":{"line":44,"column":29},"end":{"line":44,"column":70}},"20":{"start":{"line":45,"column":8},"end":{"line":45,"column":66}},"21":{"start":{"line":47,"column":6},"end":{"line":47,"column":22}},"22":{"start":{"line":51,"column":0},"end":{"line":81,"column":2}},"23":{"start":{"line":55,"column":26},"end":{"line":55,"column":46}},"24":{"start":{"line":56,"column":23},"end":{"line":56,"column":45}},"25":{"start":{"line":57,"column":2},"end":{"line":80,"column":5}},"26":{"start":{"line":59,"column":18},"end":{"line":59,"column":34}},"27":{"start":{"line":60,"column":26},"end":{"line":60,"column":58}},"28":{"start":{"line":61,"column":6},"end":{"line":64,"column":7}},"29":{"start":{"line":62,"column":8},"end":{"line":62,"column":37}},"30":{"start":{"line":63,"column":8},"end":{"line":63,"column":15}},"31":{"start":{"line":65,"column":49},"end":{"line":65,"column":63}},"32":{"start":{"line":66,"column":23},"end":{"line":66,"column":45}},"33":{"start":{"line":67,"column":17},"end":{"line":67,"column":20}},"34":{"start":{"line":68,"column":6},"end":{"line":70,"column":7}},"35":{"start":{"line":69,"column":8},"end":{"line":69,"column":73}},"36":{"start":{"line":71,"column":26},"end":{"line":71,"column":56}},"37":{"start":{"line":72,"column":18},"end":{"line":72,"column":38}},"38":{"start":{"line":73,"column":28},"end":{"line":73,"column":52}},"39":{"start":{"line":74,"column":6},"end":{"line":77,"column":8}},"40":{"start":{"line":78,"column":6},"end":{"line":78,"column":52}},"41":{"start":{"line":88,"column":0},"end":{"line":103,"column":2}},"42":{"start":{"line":89,"column":2},"end":{"line":102,"column":26}},"43":{"start":{"line":91,"column":23},"end":{"line":91,"column":56}},"44":{"start":{"line":92,"column":17},"end":{"line":95,"column":8}},"45":{"start":{"line":96,"column":24},"end":{"line":96,"column":54}},"46":{"start":{"line":97,"column":23},"end":{"line":97,"column":63}},"47":{"start":{"line":98,"column":6},"end":{"line":100,"column":9}},"48":{"start":{"line":99,"column":8},"end":{"line":99,"column":37}},"49":{"start":{"line":99,"column":17},"end":{"line":99,"column":37}},"50":{"start":{"line":105,"column":0},"end":{"line":130,"column":2}},"51":{"start":{"line":106,"column":14},"end":{"line":106,"column":23}},"52":{"start":{"line":107,"column":19},"end":{"line":107,"column":52}},"53":{"start":{"line":108,"column":13},"end":{"line":111,"column":4}},"54":{"start":{"line":112,"column":2},"end":{"line":124,"column":3}},"55":{"start":{"line":113,"column":4},"end":{"line":113,"column":47}},"56":{"start":{"line":113,"column":38},"end":{"line":113,"column":47}},"57":{"start":{"line":114,"column":43},"end":{"line":114,"column":58}},"58":{"start":{"line":115,"column":4},"end":{"line":123,"column":5}},"59":{"start":{"line":116,"column":18},"end":{"line":116,"column":35}},"60":{"start":{"line":117,"column":32},"end":{"line":117,"column":44}},"61":{"start":{"line":118,"column":6},"end":{"line":118,"column":60}},"62":{"start":{"line":118,"column":51},"end":{"line":118,"column":60}},"63":{"start":{"line":119,"column":19},"end":{"line":121,"column":31}},"64":{"start":{"line":122,"column":6},"end":{"line":122,"column":25}},"65":{"start":{"line":125,"column":13},"end":{"line":125,"column":32}},"66":{"start":{"line":126,"column":2},"end":{"line":128,"column":3}},"67":{"start":{"line":127,"column":4},"end":{"line":127,"column":40}},"68":{"start":{"line":129,"column":2},"end":{"line":129,"column":49}},"69":{"start":{"line":132,"column":0},"end":{"line":160,"column":2}},"70":{"start":{"line":134,"column":19},"end":{"line":134,"column":55}},"71":{"start":{"line":135,"column":13},"end":{"line":138,"column":4}},"72":{"start":{"line":140,"column":16},"end":{"line":140,"column":18}},"73":{"start":{"line":141,"column":2},"end":{"line":154,"column":3}},"74":{"start":{"line":142,"column":4},"end":{"line":144,"column":5}},"75":{"start":{"line":143,"column":6},"end":{"line":143,"column":15}},"76":{"start":{"line":145,"column":38},"end":{"line":145,"column":53}},"77":{"start":{"line":146,"column":26},"end":{"line":146,"column":71}},"78":{"start":{"line":147,"column":4},"end":{"line":152,"column":7}},"79":{"start":{"line":153,"column":4},"end":{"line":153,"column":46}},"80":{"start":{"line":155,"column":2},"end":{"line":155,"column":52}},"81":{"start":{"line":155,"column":23},"end":{"line":155,"column":50}},"82":{"start":{"line":157,"column":4},"end":{"line":158,"column":66}},"83":{"start":{"line":158,"column":21},"end":{"line":158,"column":54}},"84":{"start":{"line":159,"column":2},"end":{"line":159,"column":50}}},"fnMap":{"0":{"name":"CSVParser","decl":{"start":{"line":10,"column":16},"end":{"line":10,"column":25}},"loc":{"start":{"line":10,"column":54},"end":{"line":14,"column":1}},"line":10},"1":{"name":"(anonymous_1)","decl":{"start":{"line":32,"column":19},"end":{"line":32,"column":20}},"loc":{"start":{"line":33,"column":2},"end":{"line":33,"column":37}},"line":33},"2":{"name":"(anonymous_2)","decl":{"start":{"line":36,"column":35},"end":{"line":36,"column":36}},"loc":{"start":{"line":36,"column":62},"end":{"line":49,"column":1}},"line":36},"3":{"name":"(anonymous_3)","decl":{"start":{"line":38,"column":10},"end":{"line":38,"column":11}},"loc":{"start":{"line":38,"column":22},"end":{"line":38,"column":40}},"line":38},"4":{"name":"(anonymous_4)","decl":{"start":{"line":39,"column":10},"end":{"line":39,"column":11}},"loc":{"start":{"line":39,"column":27},"end":{"line":48,"column":5}},"line":39},"5":{"name":"(anonymous_5)","decl":{"start":{"line":51,"column":38},"end":{"line":51,"column":39}},"loc":{"start":{"line":54,"column":2},"end":{"line":81,"column":1}},"line":54},"6":{"name":"(anonymous_6)","decl":{"start":{"line":58,"column":4},"end":{"line":58,"column":5}},"loc":{"start":{"line":58,"column":41},"end":{"line":79,"column":5}},"line":58},"7":{"name":"(anonymous_7)","decl":{"start":{"line":88,"column":36},"end":{"line":88,"column":37}},"loc":{"start":{"line":88,"column":63},"end":{"line":103,"column":1}},"line":88},"8":{"name":"(anonymous_8)","decl":{"start":{"line":90,"column":10},"end":{"line":90,"column":11}},"loc":{"start":{"line":90,"column":24},"end":{"line":101,"column":5}},"line":90},"9":{"name":"(anonymous_9)","decl":{"start":{"line":98,"column":40},"end":{"line":98,"column":41}},"loc":{"start":{"line":98,"column":49},"end":{"line":100,"column":7}},"line":98},"10":{"name":"(anonymous_10)","decl":{"start":{"line":105,"column":39},"end":{"line":105,"column":40}},"loc":{"start":{"line":105,"column":72},"end":{"line":130,"column":1}},"line":105},"11":{"name":"(anonymous_11)","decl":{"start":{"line":132,"column":38},"end":{"line":132,"column":39}},"loc":{"start":{"line":132,"column":71},"end":{"line":160,"column":1}},"line":132},"12":{"name":"(anonymous_12)","decl":{"start":{"line":155,"column":13},"end":{"line":155,"column":14}},"loc":{"start":{"line":155,"column":23},"end":{"line":155,"column":50}},"line":155},"13":{"name":"(anonymous_13)","decl":{"start":{"line":158,"column":14},"end":{"line":158,"column":15}},"loc":{"start":{"line":158,"column":21},"end":{"line":158,"column":54}},"line":158}},"branchMap":{"0":{"loc":{"start":{"line":17,"column":2},"end":{"line":17,"column":59}},"type":"binary-expr","locations":[{"start":{"line":17,"column":2},"end":{"line":17,"column":34}},{"start":{"line":17,"column":38},"end":{"line":17,"column":59}}],"line":17},"1":{"loc":{"start":{"line":19,"column":2},"end":{"line":19,"column":61}},"type":"binary-expr","locations":[{"start":{"line":19,"column":2},"end":{"line":19,"column":35}},{"start":{"line":19,"column":39},"end":{"line":19,"column":61}}],"line":19},"2":{"loc":{"start":{"line":21,"column":2},"end":{"line":21,"column":55}},"type":"binary-expr","locations":[{"start":{"line":21,"column":2},"end":{"line":21,"column":32}},{"start":{"line":21,"column":36},"end":{"line":21,"column":55}}],"line":21},"3":{"loc":{"start":{"line":23,"column":2},"end":{"line":23,"column":67}},"type":"binary-expr","locations":[{"start":{"line":23,"column":2},"end":{"line":23,"column":38}},{"start":{"line":23,"column":42},"end":{"line":23,"column":67}}],"line":23},"4":{"loc":{"start":{"line":25,"column":2},"end":{"line":25,"column":73}},"type":"binary-expr","locations":[{"start":{"line":25,"column":2},"end":{"line":25,"column":39}},{"start":{"line":25,"column":43},"end":{"line":25,"column":73}}],"line":25},"5":{"loc":{"start":{"line":27,"column":2},"end":{"line":27,"column":71}},"type":"binary-expr","locations":[{"start":{"line":27,"column":2},"end":{"line":27,"column":38}},{"start":{"line":27,"column":42},"end":{"line":27,"column":71}}],"line":27},"6":{"loc":{"start":{"line":28,"column":40},"end":{"line":30,"column":5}},"type":"cond-expr","locations":[{"start":{"line":29,"column":4},"end":{"line":29,"column":43}},{"start":{"line":30,"column":4},"end":{"line":30,"column":5}}],"line":28},"7":{"loc":{"start":{"line":42,"column":8},"end":{"line":42,"column":51}},"type":"if","locations":[{"start":{"line":42,"column":8},"end":{"line":42,"column":51}},{"start":{},"end":{}}],"line":42},"8":{"loc":{"start":{"line":42,"column":12},"end":{"line":42,"column":40}},"type":"binary-expr","locations":[{"start":{"line":42,"column":12},"end":{"line":42,"column":31}},{"start":{"line":42,"column":35},"end":{"line":42,"column":40}}],"line":42},"9":{"loc":{"start":{"line":61,"column":6},"end":{"line":64,"column":7}},"type":"if","locations":[{"start":{"line":61,"column":6},"end":{"line":64,"column":7}},{"start":{},"end":{}}],"line":61},"10":{"loc":{"start":{"line":76,"column":8},"end":{"line":76,"column":65}},"type":"cond-expr","locations":[{"start":{"line":76,"column":24},"end":{"line":76,"column":51}},{"start":{"line":76,"column":54},"end":{"line":76,"column":65}}],"line":76},"11":{"loc":{"start":{"line":99,"column":8},"end":{"line":99,"column":37}},"type":"if","locations":[{"start":{"line":99,"column":8},"end":{"line":99,"column":37}},{"start":{},"end":{}}],"line":99},"12":{"loc":{"start":{"line":113,"column":4},"end":{"line":113,"column":47}},"type":"if","locations":[{"start":{"line":113,"column":4},"end":{"line":113,"column":47}},{"start":{},"end":{}}],"line":113},"13":{"loc":{"start":{"line":113,"column":8},"end":{"line":113,"column":36}},"type":"binary-expr","locations":[{"start":{"line":113,"column":8},"end":{"line":113,"column":27}},{"start":{"line":113,"column":31},"end":{"line":113,"column":36}}],"line":113},"14":{"loc":{"start":{"line":118,"column":6},"end":{"line":118,"column":60}},"type":"if","locations":[{"start":{"line":118,"column":6},"end":{"line":118,"column":60}},{"start":{},"end":{}}],"line":118},"15":{"loc":{"start":{"line":119,"column":19},"end":{"line":121,"column":31}},"type":"cond-expr","locations":[{"start":{"line":120,"column":10},"end":{"line":120,"column":46}},{"start":{"line":121,"column":10},"end":{"line":121,"column":31}}],"line":119},"16":{"loc":{"start":{"line":142,"column":4},"end":{"line":144,"column":5}},"type":"if","locations":[{"start":{"line":142,"column":4},"end":{"line":144,"column":5}},{"start":{},"end":{}}],"line":142},"17":{"loc":{"start":{"line":142,"column":8},"end":{"line":142,"column":50}},"type":"binary-expr","locations":[{"start":{"line":142,"column":8},"end":{"line":142,"column":41}},{"start":{"line":142,"column":45},"end":{"line":142,"column":50}}],"line":142},"18":{"loc":{"start":{"line":146,"column":26},"end":{"line":146,"column":71}},"type":"binary-expr","locations":[{"start":{"line":146,"column":26},"end":{"line":146,"column":64}},{"start":{"line":146,"column":68},"end":{"line":146,"column":71}}],"line":146}},"s":{"0":1,"1":1,"2":1,"3":1,"4":1,"5":1,"6":1,"7":1,"8":1,"9":1,"10":0,"11":1,"12":1,"13":0,"14":0,"15":0,"16":0,"17":0,"18":0,"19":0,"20":0,"21":0,"22":1,"23":0,"24":0,"25":0,"26":0,"27":0,"28":0,"29":0,"30":0,"31":0,"32":0,"33":0,"34":0,"35":0,"36":0,"37":0,"38":0,"39":0,"40":0,"41":1,"42":1,"43":0,"44":0,"45":0,"46":0,"47":0,"48":0,"49":0,"50":1,"51":0,"52":0,"53":0,"54":0,"55":0,"56":0,"57":0,"58":0,"59":0,"60":0,"61":0,"62":0,"63":0,"64":0,"65":0,"66":0,"67":0,"68":0,"69":1,"70":0,"71":0,"72":0,"73":0,"74":0,"75":0,"76":0,"77":0,"78":0,"79":0,"80":0,"81":0,"82":0,"83":0,"84":0},"f":{"0":1,"1":0,"2":1,"3":0,"4":0,"5":0,"6":0,"7":1,"8":0,"9":0,"10":0,"11":0,"12":0,"13":0},"b":{"0":[1,1],"1":[1,1],"2":[1,1],"3":[1,1],"4":[1,1],"5":[1,1],"6":[0,1],"7":[0,0],"8":[0,0],"9":[0,0],"10":[0,0],"11":[0,0],"12":[0,0],"13":[0,0],"14":[0,0],"15":[0,0],"16":[0,0],"17":[0,0],"18":[0,0]},"_coverageSchema":"1a1c01bbd47fc00a2c39e90264f33305004495a9","hash":"669950a7c6a429480fffcd448b446594562ea1ca"}
}
