TN:
SF:src/github-actions.ts
FN:9,(anonymous_0)
FN:10,(anonymous_1)
FNF:2
FNH:0
FNDA:0,(anonymous_0)
FNDA:0,(anonymous_1)
DA:6,1
DA:7,1
DA:8,1
DA:9,0
DA:10,0
DA:12,0
DA:13,0
LF:7
LH:3
BRF:0
BRH:0
end_of_record
TN:
SF:src/index.ts
FN:11,CSVParser
FN:18,(anonymous_1)
FN:55,(anonymous_2)
FN:60,(anonymous_3)
FN:76,(anonymous_4)
FN:82,(anonymous_5)
FN:108,(anonymous_6)
FN:110,(anonymous_7)
FN:118,(anonymous_8)
FN:119,(anonymous_9)
FN:128,(anonymous_10)
FN:155,(anonymous_11)
FN:174,(anonymous_12)
FN:177,(anonymous_13)
FN:179,(anonymous_14)
FNF:15
FNH:14
FNDA:4,CSVParser
FNDA:4,(anonymous_1)
FNDA:0,(anonymous_2)
FNDA:4,(anonymous_3)
FNDA:3,(anonymous_4)
FNDA:102,(anonymous_5)
FNDA:4,(anonymous_6)
FNDA:3,(anonymous_7)
FNDA:3,(anonymous_8)
FNDA:3,(anonymous_9)
FNDA:2,(anonymous_10)
FNDA:1,(anonymous_11)
FNDA:265,(anonymous_12)
FNDA:60,(anonymous_13)
FNDA:1,(anonymous_14)
DA:13,4
DA:14,4
DA:15,4
DA:18,1
DA:19,4
DA:30,4
DA:31,4
DA:39,1
DA:41,1
DA:43,1
DA:45,1
DA:47,1
DA:49,1
DA:51,1
DA:55,1
DA:56,0
DA:60,1
DA:61,4
DA:62,4
DA:63,4
DA:67,4
DA:68,24
DA:69,18
DA:70,18
DA:71,18
DA:73,3
DA:76,1
DA:80,3
DA:81,3
DA:83,102
DA:84,102
DA:85,102
DA:86,2
DA:87,2
DA:89,100
DA:90,100
DA:91,100
DA:92,100
DA:93,534
DA:95,100
DA:96,100
DA:97,100
DA:98,100
DA:108,1
DA:109,4
DA:110,4
DA:111,3
DA:112,3
DA:116,3
DA:117,3
DA:118,3
DA:119,3
DA:120,3
DA:121,3
DA:122,3
DA:128,1
DA:129,2
DA:130,2
DA:131,2
DA:135,2
DA:136,102
DA:137,100
DA:138,100
DA:139,534
DA:140,534
DA:141,534
DA:142,250
DA:145,250
DA:148,2
DA:149,2
DA:150,12
DA:152,2
DA:155,1
DA:156,1
DA:157,1
DA:158,1
DA:162,1
DA:163,1
DA:164,62
DA:165,2
DA:167,60
DA:168,60
DA:169,60
DA:170,60
DA:173,1
DA:174,265
DA:176,1
DA:177,60
DA:178,1
DA:180,1
LF:90
LH:89
BRDA:30,0,0,4
BRDA:30,0,1,0
BRDA:40,1,0,1
BRDA:40,1,1,1
BRDA:42,2,0,1
BRDA:42,2,1,1
BRDA:44,3,0,1
BRDA:44,3,1,1
BRDA:46,4,0,1
BRDA:46,4,1,1
BRDA:48,5,0,1
BRDA:48,5,1,1
BRDA:50,6,0,1
BRDA:50,6,1,1
BRDA:51,7,0,0
BRDA:51,7,1,1
BRDA:68,8,0,6
BRDA:68,8,1,18
BRDA:68,9,0,24
BRDA:68,9,1,21
BRDA:85,10,0,2
BRDA:85,10,1,100
BRDA:96,11,0,100
BRDA:96,11,1,72
BRDA:120,12,0,1
BRDA:120,12,1,2
BRDA:136,13,0,2
BRDA:136,13,1,100
BRDA:136,14,0,102
BRDA:136,14,1,100
BRDA:141,15,0,284
BRDA:141,15,1,250
BRDA:142,16,0,238
BRDA:142,16,1,12
BRDA:164,17,0,2
BRDA:164,17,1,60
BRDA:164,18,0,62
BRDA:164,18,1,61
BRDA:168,19,0,60
BRDA:168,19,1,24
BRF:40
BRH:38
end_of_record
